\BOOKMARK [0][-]{chapter*.2}{\376\377\000L\000E\000M\000B\000A\000R\000\040\000P\000E\000N\000G\000E\000S\000A\000H\000A\000N}{}% 1
\BOOKMARK [0][-]{chapter*.3}{\376\377\000P\000E\000R\000N\000Y\000A\000T\000A\000A\000N\000\040\000O\000R\000I\000S\000I\000N\000A\000L\000I\000T\000A\000S}{}% 2
\BOOKMARK [0][-]{chapter*.4}{\376\377\000P\000E\000R\000N\000Y\000A\000T\000A\000A\000N\000\040\000P\000E\000N\000G\000G\000U\000N\000A\000A\000N\000\040\000A\000I}{}% 3
\BOOKMARK [0][-]{chapter*.6}{\376\377\000A\000B\000S\000T\000R\000A\000K}{}% 4
\BOOKMARK [0][-]{chapter*.7}{\376\377\000K\000A\000T\000A\000\040\000P\000E\000N\000G\000A\000N\000T\000A\000R}{}% 5
\BOOKMARK [0][-]{section*.8}{\376\377\000D\000A\000F\000T\000A\000R\000\040\000I\000S\000I}{}% 6
\BOOKMARK [0][-]{section*.9}{\376\377\000D\000A\000F\000T\000A\000R\000\040\000G\000A\000M\000B\000A\000R}{}% 7
\BOOKMARK [0][-]{section*.10}{\376\377\000D\000A\000F\000T\000A\000R\000\040\000T\000A\000B\000E\000L}{}% 8
\BOOKMARK [0][-]{chapter*.11}{\376\377\000D\000A\000F\000T\000A\000R\000\040\000L\000I\000S\000T\000I\000N\000G}{}% 9
\BOOKMARK [0][-]{chapter.1}{\376\377\000P\000E\000N\000D\000A\000H\000U\000L\000U\000A\000N}{}% 10
\BOOKMARK [1][-]{section.1.1}{\376\377\000L\000a\000t\000a\000r\000\040\000B\000e\000l\000a\000k\000a\000n\000g}{chapter.1}% 11
\BOOKMARK [1][-]{section.1.2}{\376\377\000R\000u\000m\000u\000s\000a\000n\000\040\000M\000a\000s\000a\000l\000a\000h}{chapter.1}% 12
\BOOKMARK [1][-]{section.1.3}{\376\377\000T\000u\000j\000u\000a\000n}{chapter.1}% 13
\BOOKMARK [1][-]{section.1.4}{\376\377\000B\000a\000t\000a\000s\000a\000n\000\040\000M\000a\000s\000a\000l\000a\000h}{chapter.1}% 14
\BOOKMARK [1][-]{section.1.5}{\376\377\000M\000e\000t\000o\000d\000o\000l\000o\000g\000i}{chapter.1}% 15
\BOOKMARK [1][-]{section.1.6}{\376\377\000S\000i\000s\000t\000e\000m\000a\000t\000i\000k\000a\000\040\000P\000e\000n\000u\000l\000i\000s\000a\000n}{chapter.1}% 16
\BOOKMARK [0][-]{chapter.2}{\376\377\000S\000T\000U\000D\000I\000\040\000L\000I\000T\000E\000R\000A\000T\000U\000R}{}% 17
\BOOKMARK [1][-]{section.2.1}{\376\377\000P\000e\000m\000a\000n\000t\000a\000u\000a\000n\000\040\000I\000n\000s\000t\000a\000l\000a\000s\000i\000\040\000P\000e\000n\000g\000o\000l\000a\000h\000a\000n\000\040\000A\000i\000r}{chapter.2}% 18
\BOOKMARK [1][-]{section.2.2}{\376\377\000P\000a\000r\000a\000m\000e\000t\000e\000r\000\040\000K\000u\000a\000l\000i\000t\000a\000s\000\040\000A\000i\000r}{chapter.2}% 19
\BOOKMARK [2][-]{subsection.2.2.1}{\376\377\000D\000e\000r\000a\000j\000a\000t\000\040\000K\000e\000a\000s\000a\000m\000a\000n\000\040\000\050\000p\000H\000\051}{section.2.2}% 20
\BOOKMARK [2][-]{subsection.2.2.2}{\376\377\000K\000e\000k\000e\000r\000u\000h\000a\000n}{section.2.2}% 21
\BOOKMARK [2][-]{subsection.2.2.3}{\376\377\000T\000o\000t\000a\000l\000\040\000D\000i\000s\000s\000o\000l\000v\000e\000d\000\040\000S\000o\000l\000i\000d\000s\000\040\000\050\000T\000D\000S\000\051}{section.2.2}% 22
\BOOKMARK [2][-]{subsection.2.2.4}{\376\377\000P\000e\000m\000a\000n\000f\000a\000a\000t\000a\000n\000\040\000P\000a\000r\000a\000m\000e\000t\000e\000r\000\040\000p\000a\000d\000a\000\040\000D\000a\000s\000h\000b\000o\000a\000r\000d}{section.2.2}% 23
\BOOKMARK [1][-]{section.2.3}{\376\377\000I\000n\000t\000e\000r\000n\000e\000t\000\040\000o\000f\000\040\000T\000h\000i\000n\000g\000s\000\040\000u\000n\000t\000u\000k\000\040\000P\000e\000m\000a\000n\000t\000a\000u\000a\000n\000\040\000A\000i\000r}{chapter.2}% 24
\BOOKMARK [1][-]{section.2.4}{\376\377\000P\000l\000a\000t\000f\000o\000r\000m\000\040\000P\000e\000n\000y\000a\000j\000i\000a\000n\000\040\000D\000a\000t\000a\000\040\000P\000e\000m\000a\000n\000t\000a\000u\000a\000n}{chapter.2}% 25
\BOOKMARK [2][-]{subsection.2.4.1}{\376\377\000P\000e\000r\000k\000a\000k\000a\000s\000\040\000B\000u\000s\000i\000n\000e\000s\000s\000\040\000I\000n\000t\000e\000l\000l\000i\000g\000e\000n\000c\000e}{section.2.4}% 26
\BOOKMARK [2][-]{subsection.2.4.2}{\376\377\000P\000l\000a\000t\000f\000o\000r\000m\000\040\000I\000o\000T\000\040\000S\000i\000a\000p\000\040\000P\000a\000k\000a\000i}{section.2.4}% 27
\BOOKMARK [2][-]{subsection.2.4.3}{\376\377\000P\000e\000n\000g\000e\000m\000b\000a\000n\000g\000a\000n\000\040\000A\000n\000t\000a\000r\000m\000u\000k\000a\000\040\000W\000e\000b\000\040\000M\000a\000n\000d\000i\000r\000i}{section.2.4}% 28
\BOOKMARK [1][-]{section.2.5}{\376\377\000P\000e\000n\000e\000l\000i\000t\000i\000a\000n\000\040\000T\000e\000r\000k\000a\000i\000t}{chapter.2}% 29
\BOOKMARK [2][-]{subsection.2.5.1}{\376\377\000T\000i\000n\000j\000a\000u\000a\000n\000\040\000d\000a\000n\000\040\000K\000e\000r\000a\000n\000g\000k\000a\000\040\000K\000e\000r\000j\000a\000\040\000U\000m\000u\000m}{section.2.5}% 30
\BOOKMARK [2][-]{subsection.2.5.2}{\376\377\000S\000i\000s\000t\000e\000m\000\040\000P\000e\000m\000a\000n\000t\000a\000u\000a\000n\000\040\000K\000u\000a\000l\000i\000t\000a\000s\000\040\000A\000i\000r\000\040\000B\000e\000r\000b\000a\000s\000i\000s\000\040\000I\000o\000T}{section.2.5}% 31
\BOOKMARK [2][-]{subsection.2.5.3}{\376\377\000A\000n\000t\000a\000r\000m\000u\000k\000a\000\040\000O\000p\000e\000r\000a\000t\000o\000r\000\040\000d\000a\000n\000\040\000P\000e\000m\000a\000n\000t\000a\000u\000a\000n\000\040\000B\000e\000r\000b\000a\000s\000i\000s\000\040\000W\000e\000b}{section.2.5}% 32
\BOOKMARK [2][-]{subsection.2.5.4}{\376\377\000P\000o\000s\000i\000s\000i\000\040\000T\000u\000g\000a\000s\000\040\000A\000k\000h\000i\000r}{section.2.5}% 33
\BOOKMARK [0][-]{chapter.3}{\376\377\000A\000N\000A\000L\000I\000S\000I\000S\000\040\000M\000A\000S\000A\000L\000A\000H}{}% 34
\BOOKMARK [1][-]{section.3.1}{\376\377\000A\000n\000a\000l\000i\000s\000i\000s\000\040\000K\000o\000n\000d\000i\000s\000i\000\040\000S\000a\000a\000t\000\040\000I\000n\000i}{chapter.3}% 35
\BOOKMARK [1][-]{section.3.2}{\376\377\000B\000a\000t\000a\000s\000\040\000S\000i\000s\000t\000e\000m\000\040\000d\000a\000n\000\040\000P\000e\000m\000a\000n\000g\000k\000u\000\040\000K\000e\000p\000e\000n\000t\000i\000n\000g\000a\000n}{chapter.3}% 36
\BOOKMARK [1][-]{section.3.3}{\376\377\000I\000d\000e\000n\000t\000i\000f\000i\000k\000a\000s\000i\000\040\000M\000a\000s\000a\000l\000a\000h\000\040\000P\000e\000n\000g\000g\000u\000n\000a}{chapter.3}% 37
\BOOKMARK [1][-]{section.3.4}{\376\377\000K\000e\000b\000u\000t\000u\000h\000a\000n\000\040\000F\000u\000n\000g\000s\000i\000o\000n\000a\000l}{chapter.3}% 38
\BOOKMARK [1][-]{section.3.5}{\376\377\000K\000e\000b\000u\000t\000u\000h\000a\000n\000\040\000N\000o\000n\000f\000u\000n\000g\000s\000i\000o\000n\000a\000l}{chapter.3}% 39
\BOOKMARK [1][-]{section.3.6}{\376\377\000A\000n\000a\000l\000i\000s\000i\000s\000\040\000P\000e\000m\000i\000l\000i\000h\000a\000n\000\040\000S\000o\000l\000u\000s\000i}{chapter.3}% 40
\BOOKMARK [2][-]{subsection.3.6.1}{\376\377\000K\000r\000i\000t\000e\000r\000i\000a\000\040\000E\000v\000a\000l\000u\000a\000s\000i\000\040\000S\000o\000l\000u\000s\000i}{section.3.6}% 41
\BOOKMARK [2][-]{subsection.3.6.2}{\376\377\000A\000n\000a\000l\000i\000s\000i\000s\000\040\000A\000l\000t\000e\000r\000n\000a\000t\000i\000f\000\040\000S\000o\000l\000u\000s\000i}{section.3.6}% 42
\BOOKMARK [2][-]{subsection.3.6.3}{\376\377\000A\000n\000a\000l\000i\000s\000i\000s\000\040\000P\000e\000n\000e\000n\000t\000u\000a\000n\000\040\000S\000o\000l\000u\000s\000i}{section.3.6}% 43
\BOOKMARK [2][-]{subsection.3.6.4}{\376\377\000A\000n\000a\000l\000i\000s\000i\000s\000\040\000P\000e\000m\000i\000l\000i\000h\000a\000n\000\040\000T\000u\000m\000p\000u\000k\000a\000n\000\040\000T\000e\000k\000n\000o\000l\000o\000g\000i\000\040\000\050\000T\000e\000c\000h\000\040\000S\000t\000a\000c\000k\000\051}{section.3.6}% 44
\BOOKMARK [2][-]{subsection.3.6.5}{\376\377\000P\000e\000n\000e\000n\000t\000u\000a\000n\000\040\000S\000o\000l\000u\000s\000i\000\040\000A\000k\000h\000i\000r}{section.3.6}% 45
\BOOKMARK [0][-]{chapter.4}{\376\377\000P\000E\000R\000A\000N\000C\000A\000N\000G\000A\000N\000\040\000S\000I\000S\000T\000E\000M}{}% 46
\BOOKMARK [1][-]{section.4.1}{\376\377\000P\000e\000n\000d\000e\000k\000a\000t\000a\000n\000\040\000d\000a\000n\000\040\000T\000a\000h\000a\000p\000a\000n\000\040\000P\000e\000r\000a\000n\000c\000a\000n\000g\000a\000n}{chapter.4}% 47
\BOOKMARK [2][-]{subsection.4.1.1}{\376\377\000P\000r\000i\000n\000s\000i\000p\000\040\000P\000e\000r\000a\000n\000c\000a\000n\000g\000a\000n}{section.4.1}% 48
\BOOKMARK [2][-]{subsection.4.1.2}{\376\377\000S\000u\000m\000b\000e\000r\000\040\000K\000e\000b\000u\000t\000u\000h\000a\000n\000\040\000P\000e\000r\000a\000n\000c\000a\000n\000g\000a\000n}{section.4.1}% 49
\BOOKMARK [2][-]{subsection.4.1.3}{\376\377\000T\000a\000h\000a\000p\000a\000n\000\040\000P\000e\000n\000u\000r\000u\000n\000a\000n\000\040\000K\000e\000b\000u\000t\000u\000h\000a\000n\000\040\000m\000e\000n\000j\000a\000d\000i\000\040\000R\000a\000n\000c\000a\000n\000g\000a\000n}{section.4.1}% 50
\BOOKMARK [2][-]{subsection.4.1.4}{\376\377\000P\000e\000n\000u\000r\000u\000n\000a\000n\000\040\000R\000a\000n\000c\000a\000n\000g\000a\000n\000\040\000H\000a\000l\000a\000m\000a\000n\000\040\000D\000a\000s\000h\000b\000o\000a\000r\000d\000\040\000U\000t\000a\000m\000a}{section.4.1}% 51
\BOOKMARK [3][-]{subsubsection.4.1.4.1}{\376\377\000P\000e\000n\000e\000n\000t\000u\000a\000n\000\040\000H\000i\000e\000r\000a\000r\000k\000i\000\040\000I\000n\000f\000o\000r\000m\000a\000s\000i}{subsection.4.1.4}% 52
\BOOKMARK [3][-]{subsubsection.4.1.4.2}{\376\377\000I\000t\000e\000r\000a\000s\000i\000\040\000R\000a\000n\000c\000a\000n\000g\000a\000n\000\040\000P\000a\000n\000e\000l\000\040\000K\000e\000p\000a\000t\000u\000h\000a\000n}{subsection.4.1.4}% 53
\BOOKMARK [3][-]{subsubsection.4.1.4.3}{\376\377\000P\000e\000m\000i\000l\000i\000h\000a\000n\000\040\000B\000e\000n\000t\000u\000k\000\040\000R\000e\000p\000r\000e\000s\000e\000n\000t\000a\000s\000i\000\040\000V\000i\000s\000u\000a\000l}{subsection.4.1.4}% 54
\BOOKMARK [1][-]{section.4.2}{\376\377\000P\000e\000r\000a\000n\000c\000a\000n\000g\000a\000n\000\040\000A\000r\000s\000i\000t\000e\000k\000t\000u\000r\000\040\000d\000a\000n\000\040\000I\000n\000t\000e\000r\000a\000k\000s\000i\000\040\000P\000e\000n\000g\000g\000u\000n\000a}{chapter.4}% 55
\BOOKMARK [2][-]{subsection.4.2.1}{\376\377\000P\000e\000r\000a\000n\000c\000a\000n\000g\000a\000n\000\040\000I\000n\000t\000e\000r\000a\000k\000s\000i\000\040\000P\000e\000n\000g\000g\000u\000n\000a}{section.4.2}% 56
\BOOKMARK [2][-]{subsection.4.2.2}{\376\377\000P\000e\000r\000a\000n\000c\000a\000n\000g\000a\000n\000\040\000A\000r\000s\000i\000t\000e\000k\000t\000u\000r\000\040\000A\000l\000i\000r\000a\000n\000\040\000D\000a\000t\000a}{section.4.2}% 57
\BOOKMARK [1][-]{section.4.3}{\376\377\000P\000e\000r\000a\000n\000c\000a\000n\000g\000a\000n\000\040\000S\000t\000r\000u\000k\000t\000u\000r\000\040\000H\000a\000l\000a\000m\000a\000n\000\040\000d\000a\000n\000\040\000R\000o\000u\000t\000i\000n\000g}{chapter.4}% 58
\BOOKMARK [2][-]{subsection.4.3.1}{\376\377\000R\000u\000t\000e\000\040\000P\000u\000b\000l\000i\000k\000\040\000\050\000P\000u\000b\000l\000i\000c\000\040\000R\000o\000u\000t\000e\000\051}{section.4.3}% 59
\BOOKMARK [2][-]{subsection.4.3.2}{\376\377\000R\000u\000t\000e\000\040\000T\000e\000r\000p\000r\000o\000t\000e\000k\000s\000i\000\040\000\050\000P\000r\000o\000t\000e\000c\000t\000e\000d\000\040\000R\000o\000u\000t\000e\000\051}{section.4.3}% 60
\BOOKMARK [2][-]{subsection.4.3.3}{\376\377\000A\000l\000u\000r\000\040\000N\000a\000v\000i\000g\000a\000s\000i\000\040\000P\000e\000n\000g\000g\000u\000n\000a}{section.4.3}% 61
\BOOKMARK [1][-]{section.4.4}{\376\377\000P\000e\000r\000a\000n\000c\000a\000n\000g\000a\000n\000\040\000A\000n\000t\000a\000r\000m\000u\000k\000a\000\040\000P\000e\000n\000g\000g\000u\000n\000a}{chapter.4}% 62
\BOOKMARK [2][-]{subsection.4.4.1}{\376\377\000A\000n\000t\000a\000r\000m\000u\000k\000a\000\040\000H\000a\000l\000a\000m\000a\000n\000\040\000D\000a\000s\000h\000b\000o\000a\000r\000d\000\040\000U\000t\000a\000m\000a}{section.4.4}% 63
\BOOKMARK [2][-]{subsection.4.4.2}{\376\377\000A\000n\000t\000a\000r\000m\000u\000k\000a\000\040\000P\000e\000r\000i\000n\000g\000a\000t\000a\000n\000\040\000D\000a\000t\000a\000\040\000K\000e\000d\000a\000l\000u\000w\000a\000r\000s\000a}{section.4.4}% 64
\BOOKMARK [2][-]{subsection.4.4.3}{\376\377\000A\000n\000t\000a\000r\000m\000u\000k\000a\000\040\000H\000a\000l\000a\000m\000a\000n\000\040\000R\000i\000w\000a\000y\000a\000t\000\040\000S\000e\000n\000s\000o\000r}{section.4.4}% 65
\BOOKMARK [2][-]{subsection.4.4.4}{\376\377\000A\000n\000t\000a\000r\000m\000u\000k\000a\000\040\000H\000a\000l\000a\000m\000a\000n\000\040\000L\000o\000g\000\040\000A\000l\000a\000r\000m}{section.4.4}% 66
\BOOKMARK [2][-]{subsection.4.4.5}{\376\377\000A\000n\000t\000a\000r\000m\000u\000k\000a\000\040\000H\000a\000l\000a\000m\000a\000n\000\040\000A\000n\000a\000l\000i\000t\000i\000k\000\040\000S\000e\000n\000s\000o\000r}{section.4.4}% 67
\BOOKMARK [2][-]{subsection.4.4.6}{\376\377\000A\000n\000t\000a\000r\000m\000u\000k\000a\000\040\000H\000a\000l\000a\000m\000a\000n\000\040\000K\000e\000n\000d\000a\000l\000i\000\040\000P\000o\000m\000p\000a}{section.4.4}% 68
\BOOKMARK [1][-]{section.4.5}{\376\377\000P\000e\000r\000a\000n\000c\000a\000n\000g\000a\000n\000\040\000A\000l\000i\000r\000a\000n\000\040\000D\000a\000t\000a\000\040\000T\000e\000l\000e\000m\000e\000t\000r\000i}{chapter.4}% 69
\BOOKMARK [2][-]{subsection.4.5.1}{\376\377\000K\000a\000r\000a\000k\000t\000e\000r\000i\000s\000t\000i\000k\000\040\000D\000a\000t\000a\000\040\000y\000a\000n\000g\000\040\000D\000i\000k\000e\000l\000o\000l\000a}{section.4.5}% 70
\BOOKMARK [2][-]{subsection.4.5.2}{\376\377\000M\000e\000k\000a\000n\000i\000s\000m\000e\000\040\000A\000l\000i\000r\000a\000n\000\040\000D\000a\000t\000a}{section.4.5}% 71
\BOOKMARK [1][-]{section.4.6}{\376\377\000P\000e\000r\000a\000n\000c\000a\000n\000g\000a\000n\000\040\000K\000o\000n\000t\000r\000a\000k\000\040\000A\000P\000I}{chapter.4}% 72
\BOOKMARK [2][-]{subsection.4.6.1}{\376\377\000E\000n\000d\000p\000o\000i\000n\000t\000\040\000T\000e\000l\000e\000m\000e\000t\000r\000i\000\040\000T\000e\000r\000k\000i\000n\000i\000\040\000\050\000L\000a\000t\000e\000s\000t\000\040\000T\000e\000l\000e\000m\000e\000t\000r\000y\000\051}{section.4.6}% 73
\BOOKMARK [2][-]{subsection.4.6.2}{\376\377\000E\000n\000d\000p\000o\000i\000n\000t\000\040\000R\000i\000w\000a\000y\000a\000t\000\040\000H\000i\000s\000t\000o\000r\000i\000s\000\040\000\050\000H\000i\000s\000t\000o\000r\000i\000c\000a\000l\000\040\000D\000a\000t\000a\000\051}{section.4.6}% 74
\BOOKMARK [2][-]{subsection.4.6.3}{\376\377\000E\000n\000d\000p\000o\000i\000n\000t\000\040\000I\000n\000t\000e\000r\000v\000e\000n\000s\000i\000\040\000D\000o\000s\000i\000s\000\040\000\050\000D\000o\000s\000e\000\040\000O\000f\000f\000s\000e\000t\000\040\000C\000o\000m\000m\000a\000n\000d\000\051}{section.4.6}% 75
\BOOKMARK [0][-]{chapter.5}{\376\377\000I\000M\000P\000L\000E\000M\000E\000N\000T\000A\000S\000I\000\040\000S\000I\000S\000T\000E\000M}{}% 76
\BOOKMARK [1][-]{section.5.1}{\376\377\000T\000u\000m\000p\000u\000k\000a\000n\000\040\000T\000e\000k\000n\000o\000l\000o\000g\000i\000\040\000F\000r\000o\000n\000t\000e\000n\000d}{chapter.5}% 77
\BOOKMARK [2][-]{subsection.5.1.1}{\376\377\000N\000e\000x\000t\000.\000j\000s}{section.5.1}% 78
\BOOKMARK [2][-]{subsection.5.1.2}{\376\377\000T\000y\000p\000e\000S\000c\000r\000i\000p\000t}{section.5.1}% 79
\BOOKMARK [2][-]{subsection.5.1.3}{\376\377\000T\000a\000n\000S\000t\000a\000c\000k\000\040\000Q\000u\000e\000r\000y}{section.5.1}% 80
\BOOKMARK [1][-]{section.5.2}{\376\377\000I\000m\000p\000l\000e\000m\000e\000n\000t\000a\000s\000i\000\040\000A\000n\000t\000a\000r\000m\000u\000k\000a\000\040\000P\000e\000n\000g\000g\000u\000n\000a}{chapter.5}% 81
\BOOKMARK [2][-]{subsection.5.2.1}{\376\377\000H\000a\000l\000a\000m\000a\000n\000\040\000D\000a\000s\000h\000b\000o\000a\000r\000d\000\040\000U\000t\000a\000m\000a}{section.5.2}% 82
\BOOKMARK [2][-]{subsection.5.2.2}{\376\377\000H\000a\000l\000a\000m\000a\000n\000\040\000R\000i\000w\000a\000y\000a\000t\000\040\000S\000e\000n\000s\000o\000r}{section.5.2}% 83
\BOOKMARK [2][-]{subsection.5.2.3}{\376\377\000H\000a\000l\000a\000m\000a\000n\000\040\000P\000u\000s\000a\000t\000\040\000A\000l\000a\000r\000m\000\040\000\050\000A\000l\000a\000r\000m\000\040\000C\000e\000n\000t\000e\000r\000\051}{section.5.2}% 84
\BOOKMARK [2][-]{subsection.5.2.4}{\376\377\000H\000a\000l\000a\000m\000a\000n\000\040\000A\000n\000a\000l\000i\000t\000i\000k\000\040\000S\000e\000n\000s\000o\000r}{section.5.2}% 85
\BOOKMARK [2][-]{subsection.5.2.5}{\376\377\000H\000a\000l\000a\000m\000a\000n\000\040\000O\000f\000f\000s\000e\000t\000\040\000P\000o\000m\000p\000a\000\040\000\050\000C\000h\000e\000m\000i\000c\000a\000l\000\040\000D\000o\000s\000i\000n\000g\000\040\000C\000o\000n\000t\000r\000o\000l\000\051}{section.5.2}% 86
\BOOKMARK [1][-]{section.5.3}{\376\377\000I\000m\000p\000l\000e\000m\000e\000n\000t\000a\000s\000i\000\040\000A\000u\000t\000e\000n\000t\000i\000k\000a\000s\000i\000\040\000d\000a\000n\000\040\000P\000r\000o\000t\000e\000k\000s\000i\000\040\000R\000u\000t\000e}{chapter.5}% 87
\BOOKMARK [1][-]{section.5.4}{\376\377\000I\000m\000p\000l\000e\000m\000e\000n\000t\000a\000s\000i\000\040\000I\000n\000t\000e\000g\000r\000a\000s\000i\000\040\000R\000E\000S\000T\000\040\000A\000P\000I\000\040\000d\000a\000n\000\040\000M\000a\000n\000a\000j\000e\000m\000e\000n\000\040\000S\000t\000a\000t\000e}{chapter.5}% 88
\BOOKMARK [1][-]{section.5.5}{\376\377\000I\000m\000p\000l\000e\000m\000e\000n\000t\000a\000s\000i\000\040\000P\000e\000n\000a\000n\000g\000a\000n\000a\000n\000\040\000K\000o\000n\000d\000i\000s\000i\000\040\000D\000a\000t\000a\000\040\000T\000i\000d\000a\000k\000\040\000N\000o\000r\000m\000a\000l}{chapter.5}% 89
\BOOKMARK [1][-]{section.5.6}{\376\377\000I\000m\000p\000l\000e\000m\000e\000n\000t\000a\000s\000i\000\040\000P\000r\000o\000g\000r\000e\000s\000s\000i\000v\000e\000\040\000W\000e\000b\000\040\000A\000p\000p\000\040\000d\000a\000n\000\040\000D\000e\000p\000l\000o\000y\000m\000e\000n\000t}{chapter.5}% 90
\BOOKMARK [0][-]{chapter.6}{\376\377\000E\000V\000A\000L\000U\000A\000S\000I\000\040\000S\000I\000S\000T\000E\000M}{}% 91
\BOOKMARK [1][-]{section.6.1}{\376\377\000R\000a\000n\000c\000a\000n\000g\000a\000n\000\040\000P\000e\000n\000g\000u\000j\000i\000a\000n}{chapter.6}% 92
\BOOKMARK [1][-]{section.6.2}{\376\377\000H\000a\000s\000i\000l\000\040\000P\000e\000n\000g\000u\000j\000i\000a\000n\000\040\000F\000u\000n\000g\000s\000i\000o\000n\000a\000l}{chapter.6}% 93
\BOOKMARK [1][-]{section.6.3}{\376\377\000H\000a\000s\000i\000l\000\040\000P\000e\000n\000g\000u\000j\000i\000a\000n\000\040\000U\000s\000a\000b\000i\000l\000i\000t\000a\000s}{chapter.6}% 94
\BOOKMARK [1][-]{section.6.4}{\376\377\000E\000v\000a\000l\000u\000a\000s\000i\000\040\000K\000e\000t\000e\000r\000c\000a\000p\000a\000i\000a\000n\000\040\000K\000e\000b\000u\000t\000u\000h\000a\000n\000\040\000F\000u\000n\000g\000s\000i\000o\000n\000a\000l}{chapter.6}% 95
\BOOKMARK [1][-]{section.6.5}{\376\377\000B\000a\000t\000a\000s\000a\000n\000\040\000d\000a\000n\000\040\000K\000e\000n\000d\000a\000l\000a\000\040\000S\000i\000s\000t\000e\000m}{chapter.6}% 96
\BOOKMARK [0][-]{chapter.7}{\376\377\000K\000E\000S\000I\000M\000P\000U\000L\000A\000N\000\040\000D\000A\000N\000\040\000S\000A\000R\000A\000N}{}% 97
\BOOKMARK [1][-]{section.7.1}{\376\377\000K\000e\000s\000i\000m\000p\000u\000l\000a\000n}{chapter.7}% 98
\BOOKMARK [1][-]{section.7.2}{\376\377\000S\000a\000r\000a\000n}{chapter.7}% 99
\BOOKMARK [0][-]{appendix.1.A}{\376\377\000L\000a\000m\000p\000i\000r\000a\000n\000\040\000K\000O\000D\000E\000\040\000P\000R\000O\000G\000R\000A\000M}{}% 100
\BOOKMARK [1][-]{section.1.A.1}{\376\377\000K\000o\000n\000t\000r\000a\000k\000\040\000A\000n\000t\000a\000r\000m\000u\000k\000a\000\040\000D\000a\000t\000a\000\040\000\050\000A\000P\000I\000\051\000\040\000F\000r\000o\000n\000t\000e\000n\000d}{appendix.1.A}% 101
